#
# There is insufficient memory for the Java Runtime Environment to continue.
# Native memory allocation (mmap) failed to map 147849216 bytes for committing reserved memory.
# Possible reasons:
#   The system is out of physical RAM or swap space
#   In 32 bit mode, the process size limit was hit
# Possible solutions:
#   Reduce memory load on the system
#   Increase physical memory or swap space
#   Check if swap backing store is full
#   Use 64 bit Java on a 64 bit OS
#   Decrease Java heap size (-Xmx/-Xms)
#   Decrease number of Java threads
#   Decrease Java thread stack sizes (-Xss)
#   Set larger code cache with -XX:ReservedCodeCacheSize=
# This output file may be truncated or incomplete.
#
#  Out of Memory Error (os_linux.cpp:2627), pid=4670, tid=139850449352448
#
# JRE version: Java(TM) SE Runtime Environment (8.0_73-b02) (build 1.8.0_73-b02)
# Java VM: Java HotSpot(TM) 64-Bit Server VM (25.73-b02 mixed mode linux-amd64 compressed oops)
# Failed to write core dump. Core dumps have been disabled. To enable core dumping, try "ulimit -c unlimited" before starting Java again
#

---------------  T H R E A D  ---------------

Current thread (0x00007f318c078000):  VMThread [stack: 0x00007f31784af000,0x00007f31785b0000] [id=4703]

Stack: [0x00007f31784af000,0x00007f31785b0000],  sp=0x00007f31785ae220,  free space=1020k
Native frames: (J=compiled Java code, j=interpreted, Vv=VM code, C=native code)
V  [libjvm.so+0xaba71a]  VMError::report_and_die()+0x2ba
V  [libjvm.so+0x4f9ecb]  report_vm_out_of_memory(char const*, int, unsigned long, VMErrorType, char const*)+0x8b
V  [libjvm.so+0x91b553]  os::Linux::commit_memory_impl(char*, unsigned long, bool)+0x103
V  [libjvm.so+0x91baa9]  os::pd_commit_memory(char*, unsigned long, unsigned long, bool)+0x29
V  [libjvm.so+0x915dba]  os::commit_memory(char*, unsigned long, unsigned long, bool)+0x2a
V  [libjvm.so+0x989463]  PSVirtualSpace::expand_by(unsigned long)+0x53
V  [libjvm.so+0x98a868]  PSYoungGen::resize_generation(unsigned long, unsigned long)+0xf8
V  [libjvm.so+0x9899c2]  PSYoungGen::resize(unsigned long, unsigned long)+0x22
V  [libjvm.so+0x986c9b]  PSScavenge::invoke_no_policy()+0xf3b
V  [libjvm.so+0x987421]  PSScavenge::invoke()+0x41
V  [libjvm.so+0x93f1b0]  ParallelScavengeHeap::failed_mem_allocate(unsigned long)+0x70
V  [libjvm.so+0xabc137]  VM_ParallelGCFailedAllocation::doit()+0x97
V  [libjvm.so+0xac3b65]  VM_Operation::evaluate()+0x55
V  [libjvm.so+0xac1f3a]  VMThread::evaluate_operation(VM_Operation*)+0xba
V  [libjvm.so+0xac22be]  VMThread::loop()+0x1ce
V  [libjvm.so+0xac2730]  VMThread::run()+0x70
V  [libjvm.so+0x91d918]  java_start(Thread*)+0x108

VM_Operation (0x00007f315f113760): ParallelGCFailedAllocation, mode: safepoint, requested by thread 0x00007f318c165000


---------------  P R O C E S S  ---------------

Java Threads: ( => current thread )
  0x00007f318c165000 JavaThread "pool-2-thread-4" [_thread_blocked, id=4758, stack(0x00007f315f015000,0x00007f315f116000)]
  0x00007f318c163000 JavaThread "pool-2-thread-3" [_thread_blocked, id=4757, stack(0x00007f315f116000,0x00007f315f217000)]
  0x00007f318c162000 JavaThread "pool-2-thread-2" [_thread_blocked, id=4756, stack(0x00007f315f217000,0x00007f315f318000)]
  0x00007f318c160000 JavaThread "pool-3-thread-1" [_thread_blocked, id=4755, stack(0x00007f315f318000,0x00007f315f419000)]
  0x00007f318c15d800 JavaThread "pool-2-thread-1" [_thread_blocked, id=4754, stack(0x00007f315f419000,0x00007f315f51a000)]
  0x00007f318c0be800 JavaThread "Service Thread" daemon [_thread_blocked, id=4734, stack(0x00007f315f61b000,0x00007f315f71c000)]
  0x00007f318c0bb800 JavaThread "C1 CompilerThread2" daemon [_thread_blocked, id=4731, stack(0x00007f315f71c000,0x00007f315f81d000)]
  0x00007f318c0ba000 JavaThread "C2 CompilerThread1" daemon [_thread_blocked, id=4730, stack(0x00007f315f81d000,0x00007f315f91e000)]
  0x00007f318c0b7000 JavaThread "C2 CompilerThread0" daemon [_thread_blocked, id=4727, stack(0x00007f31780ab000,0x00007f31781ac000)]
  0x00007f318c0b5800 JavaThread "Signal Dispatcher" daemon [_thread_blocked, id=4725, stack(0x00007f31781ac000,0x00007f31782ad000)]
  0x00007f318c07f800 JavaThread "Finalizer" daemon [_thread_blocked, id=4708, stack(0x00007f31782ad000,0x00007f31783ae000)]
  0x00007f318c07d800 JavaThread "Reference Handler" daemon [_thread_blocked, id=4704, stack(0x00007f31783ae000,0x00007f31784af000)]
  0x00007f318c00a000 JavaThread "main" [_thread_blocked, id=4685, stack(0x00007f3192b77000,0x00007f3192c78000)]

Other Threads:
=>0x00007f318c078000 VMThread [stack: 0x00007f31784af000,0x00007f31785b0000] [id=4703]
  0x00007f318c0c1800 WatcherThread [stack: 0x00007f315f51a000,0x00007f315f61b000] [id=4735]

VM state:at safepoint (normal execution)

VM Mutex/Monitor currently owned by a thread:  ([mutex/lock_event])
[0x00007f318c006570] Threads_lock - owner thread: 0x00007f318c078000
[0x00007f318c006a70] Heap_lock - owner thread: 0x00007f318c165000

Heap:
 PSYoungGen      total 141312K, used 16372K [0x00000000eab00000, 0x00000000f4700000, 0x0000000100000000)
  eden space 124928K, 0% used [0x00000000eab00000,0x00000000eab00000,0x00000000f2500000)
  from space 16384K, 99% used [0x00000000f2500000,0x00000000f34fd068,0x00000000f3500000)
  to   space 14336K, 0% used [0x00000000f3500000,0x00000000f3500000,0x00000000f4300000)
 ParOldGen       total 42496K, used 36269K [0x00000000c0000000, 0x00000000c2980000, 0x00000000eab00000)
  object space 42496K, 85% used [0x00000000c0000000,0x00000000c236b458,0x00000000c2980000)
 Metaspace       used 6251K, capacity 7128K, committed 7424K, reserved 1056768K
  class space    used 612K, capacity 656K, committed 768K, reserved 1048576K

Card table byte_map: [0x00007f317c618000,0x00007f317c819000] byte_map_base: 0x00007f317c018000

Marking Bits: (ParMarkBitMap*) 0x00007f3192049100
 Begin Bits: [0x00007f317a1bf000, 0x00007f317b1bf000)
 End Bits:   [0x00007f317b1bf000, 0x00007f317c1bf000)

Polling page: 0x00007f3192c96000

CodeCache: size=245760Kb used=6417Kb max_used=6417Kb free=239342Kb
 bounds [0x00007f317cbd9000, 0x00007f317d229000, 0x00007f318bbd9000]
 total_blobs=2018 nmethods=1749 adapters=182
 compilation: enabled

Compilation events (10 events):
Event: 8.016 Thread 0x00007f318c0bb800 nmethod 2092% 0x00007f317d21e5d0 code [0x00007f317d21e780, 0x00007f317d21ed90]
Event: 8.016 Thread 0x00007f318c0bb800 2091       2       com.android.dx.ssa.back.FirstFitLocalCombiningAllocator::getLocalItemForReg (97 bytes)
Event: 8.016 Thread 0x00007f318c0bb800 nmethod 2091 0x00007f317d21f290 code [0x00007f317d21f480, 0x00007f317d21f998]
Event: 8.016 Thread 0x00007f318c0bb800 2071       2       com.android.dx.ssa.PhiInsn::updateSourcesToDefinitions (68 bytes)
Event: 8.036 Thread 0x00007f318c0bb800 nmethod 2071 0x00007f317d21fd10 code [0x00007f317d21fec0, 0x00007f317d220278]
Event: 8.036 Thread 0x00007f318c0bb800 2089       2       com.android.dx.dex.file.AnnotationSetItem::<init> (83 bytes)
Event: 8.037 Thread 0x00007f318c0bb800 nmethod 2089 0x00007f317d220610 code [0x00007f317d220800, 0x00007f317d221008]
Event: 8.037 Thread 0x00007f318c0bb800 2070       2       com.android.dx.rop.annotation.NameValuePair::<init> (43 bytes)
Event: 8.038 Thread 0x00007f318c0bb800 nmethod 2070 0x00007f317d2216d0 code [0x00007f317d221860, 0x00007f317d221b38]
Event: 8.038 Thread 0x00007f318c0bb800 2072       2       com.android.dx.rop.annotation.Annotations::getAnnotations (11 bytes)

GC Heap History (10 events):
Event: 1.777 GC heap after
Heap after GC invocations=2 (full 0):
 PSYoungGen      total 34304K, used 2553K [0x00000000eab00000, 0x00000000ecf00000, 0x0000000100000000)
  eden space 31744K, 0% used [0x00000000eab00000,0x00000000eab00000,0x00000000eca00000)
  from space 2560K, 99% used [0x00000000ecc80000,0x00000000ecefe7b0,0x00000000ecf00000)
  to   space 2560K, 0% used [0x00000000eca00000,0x00000000eca00000,0x00000000ecc80000)
 ParOldGen       total 42496K, used 2152K [0x00000000c0000000, 0x00000000c2980000, 0x00000000eab00000)
  object space 42496K, 5% used [0x00000000c0000000,0x00000000c021a160,0x00000000c2980000)
 Metaspace       used 5702K, capacity 6704K, committed 6784K, reserved 1056768K
  class space    used 589K, capacity 616K, committed 640K, reserved 1048576K
}
Event: 3.016 GC heap before
{Heap before GC invocations=3 (full 0):
 PSYoungGen      total 34304K, used 34297K [0x00000000eab00000, 0x00000000ecf00000, 0x0000000100000000)
  eden space 31744K, 100% used [0x00000000eab00000,0x00000000eca00000,0x00000000eca00000)
  from space 2560K, 99% used [0x00000000ecc80000,0x00000000ecefe7b0,0x00000000ecf00000)
  to   space 2560K, 0% used [0x00000000eca00000,0x00000000eca00000,0x00000000ecc80000)
 ParOldGen       total 42496K, used 2152K [0x00000000c0000000, 0x00000000c2980000, 0x00000000eab00000)
  object space 42496K, 5% used [0x00000000c0000000,0x00000000c021a160,0x00000000c2980000)
 Metaspace       used 5808K, capacity 6832K, committed 7040K, reserved 1056768K
  class space    used 591K, capacity 616K, committed 640K, reserved 1048576K
Event: 3.133 GC heap after
Heap after GC invocations=3 (full 0):
 PSYoungGen      total 34304K, used 2540K [0x00000000eab00000, 0x00000000eee00000, 0x0000000100000000)
  eden space 31744K, 0% used [0x00000000eab00000,0x00000000eab00000,0x00000000eca00000)
  from space 2560K, 99% used [0x00000000eca00000,0x00000000ecc7b350,0x00000000ecc80000)
  to   space 2560K, 0% used [0x00000000eeb80000,0x00000000eeb80000,0x00000000eee00000)
 ParOldGen       total 42496K, used 7491K [0x00000000c0000000, 0x00000000c2980000, 0x00000000eab00000)
  object space 42496K, 17% used [0x00000000c0000000,0x00000000c0750da8,0x00000000c2980000)
 Metaspace       used 5808K, capacity 6832K, committed 7040K, reserved 1056768K
  class space    used 591K, capacity 616K, committed 640K, reserved 1048576K
}
Event: 3.787 GC heap before
{Heap before GC invocations=4 (full 0):
 PSYoungGen      total 34304K, used 34284K [0x00000000eab00000, 0x00000000eee00000, 0x0000000100000000)
  eden space 31744K, 100% used [0x00000000eab00000,0x00000000eca00000,0x00000000eca00000)
  from space 2560K, 99% used [0x00000000eca00000,0x00000000ecc7b350,0x00000000ecc80000)
  to   space 2560K, 0% used [0x00000000eeb80000,0x00000000eeb80000,0x00000000eee00000)
 ParOldGen       total 42496K, used 7491K [0x00000000c0000000, 0x00000000c2980000, 0x00000000eab00000)
  object space 42496K, 17% used [0x00000000c0000000,0x00000000c0750da8,0x00000000c2980000)
 Metaspace       used 5864K, capacity 6832K, committed 7040K, reserved 1056768K
  class space    used 592K, capacity 616K, committed 640K, reserved 1048576K
Event: 3.878 GC heap after
Heap after GC invocations=4 (full 0):
 PSYoungGen      total 66048K, used 2529K [0x00000000eab00000, 0x00000000eee00000, 0x0000000100000000)
  eden space 63488K, 0% used [0x00000000eab00000,0x00000000eab00000,0x00000000ee900000)
  from space 2560K, 98% used [0x00000000eeb80000,0x00000000eedf85d8,0x00000000eee00000)
  to   space 2560K, 0% used [0x00000000ee900000,0x00000000ee900000,0x00000000eeb80000)
 ParOldGen       total 42496K, used 12364K [0x00000000c0000000, 0x00000000c2980000, 0x00000000eab00000)
  object space 42496K, 29% used [0x00000000c0000000,0x00000000c0c13268,0x00000000c2980000)
 Metaspace       used 5864K, capacity 6832K, committed 7040K, reserved 1056768K
  class space    used 592K, capacity 616K, committed 640K, reserved 1048576K
}
Event: 5.016 GC heap before
{Heap before GC invocations=5 (full 0):
 PSYoungGen      total 66048K, used 66017K [0x00000000eab00000, 0x00000000eee00000, 0x0000000100000000)
  eden space 63488K, 100% used [0x00000000eab00000,0x00000000ee900000,0x00000000ee900000)
  from space 2560K, 98% used [0x00000000eeb80000,0x00000000eedf85d8,0x00000000eee00000)
  to   space 2560K, 0% used [0x00000000ee900000,0x00000000ee900000,0x00000000eeb80000)
 ParOldGen       total 42496K, used 12364K [0x00000000c0000000, 0x00000000c2980000, 0x00000000eab00000)
  object space 42496K, 29% used [0x00000000c0000000,0x00000000c0c13268,0x00000000c2980000)
 Metaspace       used 5927K, capacity 6896K, committed 7040K, reserved 1056768K
  class space    used 592K, capacity 616K, committed 640K, reserved 1048576K
Event: 5.176 GC heap after
Heap after GC invocations=5 (full 0):
 PSYoungGen      total 66048K, used 2540K [0x00000000eab00000, 0x00000000f4300000, 0x0000000100000000)
  eden space 63488K, 0% used [0x00000000eab00000,0x00000000eab00000,0x00000000ee900000)
  from space 2560K, 99% used [0x00000000ee900000,0x00000000eeb7b350,0x00000000eeb80000)
  to   space 14336K, 0% used [0x00000000f3500000,0x00000000f3500000,0x00000000f4300000)
 ParOldGen       total 42496K, used 21977K [0x00000000c0000000, 0x00000000c2980000, 0x00000000eab00000)
  object space 42496K, 51% used [0x00000000c0000000,0x00000000c1576518,0x00000000c2980000)
 Metaspace       used 5927K, capacity 6896K, committed 7040K, reserved 1056768K
  class space    used 592K, capacity 616K, committed 640K, reserved 1048576K
}
Event: 5.974 GC heap before
{Heap before GC invocations=6 (full 0):
 PSYoungGen      total 66048K, used 66028K [0x00000000eab00000, 0x00000000f4300000, 0x0000000100000000)
  eden space 63488K, 100% used [0x00000000eab00000,0x00000000ee900000,0x00000000ee900000)
  from space 2560K, 99% used [0x00000000ee900000,0x00000000eeb7b350,0x00000000eeb80000)
  to   space 14336K, 0% used [0x00000000f3500000,0x00000000f3500000,0x00000000f4300000)
 ParOldGen       total 42496K, used 21977K [0x00000000c0000000, 0x00000000c2980000, 0x00000000eab00000)
  object space 42496K, 51% used [0x00000000c0000000,0x00000000c1576518,0x00000000c2980000)
 Metaspace       used 5970K, capacity 6960K, committed 7040K, reserved 1056768K
  class space    used 592K, capacity 616K, committed 640K, reserved 1048576K
Event: 6.190 GC heap after
Heap after GC invocations=6 (full 0):
 PSYoungGen      total 139264K, used 12641K [0x00000000eab00000, 0x00000000f4700000, 0x0000000100000000)
  eden space 124928K, 0% used [0x00000000eab00000,0x00000000eab00000,0x00000000f2500000)
  from space 14336K, 88% used [0x00000000f3500000,0x00000000f41587d8,0x00000000f4300000)
  to   space 16384K, 0% used [0x00000000f2500000,0x00000000f2500000,0x00000000f3500000)
 ParOldGen       total 42496K, used 21985K [0x00000000c0000000, 0x00000000c2980000, 0x00000000eab00000)
  object space 42496K, 51% used [0x00000000c0000000,0x00000000c1578518,0x00000000c2980000)
 Metaspace       used 5970K, capacity 6960K, committed 7040K, reserved 1056768K
  class space    used 592K, capacity 616K, committed 640K, reserved 1048576K
}
Event: 8.043 GC heap before
{Heap before GC invocations=7 (full 0):
 PSYoungGen      total 139264K, used 137569K [0x00000000eab00000, 0x00000000f4700000, 0x0000000100000000)
  eden space 124928K, 100% used [0x00000000eab00000,0x00000000f2500000,0x00000000f2500000)
  from space 14336K, 88% used [0x00000000f3500000,0x00000000f41587d8,0x00000000f4300000)
  to   space 16384K, 0% used [0x00000000f2500000,0x00000000f2500000,0x00000000f3500000)
 ParOldGen       total 42496K, used 21987K [0x00000000c0000000, 0x00000000c2980000, 0x00000000eab00000)
  object space 42496K, 51% used [0x00000000c0000000,0x00000000c1578c88,0x00000000c2980000)
 Metaspace       used 6251K, capacity 7128K, committed 7424K, reserved 1056768K
  class space    used 612K, capacity 656K, committed 768K, reserved 1048576K

Deoptimization events (10 events):
Event: 2.860 Thread 0x00007f318c00a000 Uncommon trap: reason=bimorphic action=maybe_recompile pc=0x00007f317cde8bfc method=java.util.HashMap.getNode(ILjava/lang/Object;)Ljava/util/HashMap$Node; @ 126
Event: 2.860 Thread 0x00007f318c00a000 Uncommon trap: reason=unstable_if action=reinterpret pc=0x00007f317ce2ed5c method=com.android.dx.rop.cst.Constant.compareTo(Lcom/android/dx/rop/cst/Constant;)I @ 12
Event: 2.860 Thread 0x00007f318c00a000 Uncommon trap: reason=bimorphic action=maybe_recompile pc=0x00007f317ce10d98 method=java.util.HashMap.getNode(ILjava/lang/Object;)Ljava/util/HashMap$Node; @ 126
Event: 3.357 Thread 0x00007f318c162000 Uncommon trap: reason=unstable_if action=reinterpret pc=0x00007f317cec9d90 method=com.android.dx.rop.code.RegisterSpecSet.put(Lcom/android/dx/rop/code/RegisterSpec;)V @ 77
Event: 3.429 Thread 0x00007f318c162000 Uncommon trap: reason=unstable_if action=reinterpret pc=0x00007f317ce99d60 method=com.android.dx.rop.code.RegisterSpec.equals(ILcom/android/dx/rop/type/TypeBearer;Lcom/android/dx/rop/code/LocalItem;)Z @ 42
Event: 5.474 Thread 0x00007f318c165000 Uncommon trap: reason=unstable_if action=reinterpret pc=0x00007f317d053bb8 method=com.android.dx.ssa.SCCP.simulateStmt(Lcom/android/dx/ssa/SsaInsn;)V @ 53
Event: 5.516 Thread 0x00007f318c165000 Uncommon trap: reason=bimorphic action=maybe_recompile pc=0x00007f317d01eb64 method=java.util.HashMap.putVal(ILjava/lang/Object;Ljava/lang/Object;ZZ)Ljava/lang/Object; @ 203
Event: 7.111 Thread 0x00007f318c00a000 Uncommon trap: reason=unstable_if action=reinterpret pc=0x00007f317ce764cc method=java.util.HashMap.putVal(ILjava/lang/Object;Ljava/lang/Object;ZZ)Ljava/lang/Object; @ 162
Event: 7.120 Thread 0x00007f318c00a000 Uncommon trap: reason=unstable_if action=reinterpret pc=0x00007f317cf3e7ec method=java.util.HashMap.getNode(ILjava/lang/Object;)Ljava/util/HashMap$Node; @ 84
Event: 7.452 Thread 0x00007f318c165000 Uncommon trap: reason=unstable_if action=reinterpret pc=0x00007f317d073d40 method=com.android.dx.ssa.MoveParamCombiner$1.visitNonMoveInsn(Lcom/android/dx/ssa/NormalSsaInsn;)V @ 27

Internal exceptions (6 events):
Event: 0.111 Thread 0x00007f318c00a000 Exception <a 'java/lang/NoSuchMethodError': Method sun.misc.Unsafe.defineClass(Ljava/lang/String;[BII)Ljava/lang/Class; name or signature does not match> (0x00000000eab12bf0) thrown at [/HUDSON3/workspace/8-2-build-linux-amd64/jdk8u73/6086/hotspot/src/sha
Event: 0.111 Thread 0x00007f318c00a000 Exception <a 'java/lang/NoSuchMethodError': Method sun.misc.Unsafe.prefetchRead(Ljava/lang/Object;J)V name or signature does not match> (0x00000000eab12ed8) thrown at [/HUDSON3/workspace/8-2-build-linux-amd64/jdk8u73/6086/hotspot/src/share/vm/prims/jni.cp
Event: 2.353 Thread 0x00007f318c00a000 Implicit null exception at 0x00007f317ce9e63d to 0x00007f317cea1695
Event: 7.115 Thread 0x00007f318c00a000 Exception <a 'java/lang/ArrayIndexOutOfBoundsException': 18> (0x00000000ee6e3340) thrown at [/HUDSON3/workspace/8-2-build-linux-amd64/jdk8u73/6086/hotspot/src/share/vm/interpreter/interpreterRuntime.cpp, line 366]
Event: 7.116 Thread 0x00007f318c00a000 Exception <a 'java/lang/ArrayIndexOutOfBoundsException': 145> (0x00000000ee6e4ec0) thrown at [/HUDSON3/workspace/8-2-build-linux-amd64/jdk8u73/6086/hotspot/src/share/vm/interpreter/interpreterRuntime.cpp, line 366]
Event: 7.117 Thread 0x00007f318c00a000 Exception <a 'java/lang/ArrayIndexOutOfBoundsException': 40> (0x00000000ee6e61a8) thrown at [/HUDSON3/workspace/8-2-build-linux-amd64/jdk8u73/6086/hotspot/src/share/vm/interpreter/interpreterRuntime.cpp, line 366]

Events (10 events):
Event: 7.890 Thread 0x00007f318c165000 DEOPT UNPACKING pc=0x00007f317cc20633 sp=0x00007f315f113bf8 mode 0
Event: 7.912 Thread 0x00007f318c165000 DEOPT PACKING pc=0x00007f317d07ef6a sp=0x00007f315f113da0
Event: 7.912 Thread 0x00007f318c165000 DEOPT UNPACKING pc=0x00007f317cc20633 sp=0x00007f315f113b00 mode 0
Event: 7.941 Thread 0x00007f318c15d800 DEOPT PACKING pc=0x00007f317cdc5d39 sp=0x00007f315f517f00
Event: 7.941 Thread 0x00007f318c15d800 DEOPT UNPACKING pc=0x00007f317cc20633 sp=0x00007f315f517c50 mode 0
Event: 7.975 Thread 0x00007f318c163000 DEOPT PACKING pc=0x00007f317cf443ec sp=0x00007f315f214eb0
Event: 7.975 Thread 0x00007f318c163000 DEOPT UNPACKING pc=0x00007f317cc20633 sp=0x00007f315f214bb0 mode 0
Event: 8.019 Executing VM operation: ParallelGCFailedAllocation
Event: 8.029 Executing VM operation: ParallelGCFailedAllocation done
Event: 8.041 Executing VM operation: ParallelGCFailedAllocation


Dynamic libraries:
00400000-00401000 r-xp 00000000 08:06 279515                             /usr/local/java/jdk1.8.0_73/bin/java
00600000-00601000 rw-p 00000000 08:06 279515                             /usr/local/java/jdk1.8.0_73/bin/java
00ec8000-00ee9000 rw-p 00000000 00:00 0                                  [heap]
c0000000-c2980000 rw-p 00000000 00:00 0 
c2980000-eab00000 ---p 00000000 00:00 0 
eab00000-f4700000 rw-p 00000000 00:00 0 
fd400000-100000000 ---p 00000000 00:00 0 
100000000-1000c0000 rw-p 00000000 00:00 0 
1000c0000-140000000 ---p 00000000 00:00 0 
7f3128000000-7f3128021000 rw-p 00000000 00:00 0 
7f3128021000-7f312c000000 ---p 00000000 00:00 0 
7f3130000000-7f3130021000 rw-p 00000000 00:00 0 
7f3130021000-7f3134000000 ---p 00000000 00:00 0 
7f3134000000-7f313402e000 rw-p 00000000 00:00 0 
7f313402e000-7f3138000000 ---p 00000000 00:00 0 
7f3138000000-7f313804a000 rw-p 00000000 00:00 0 
7f313804a000-7f313c000000 ---p 00000000 00:00 0 
7f313c000000-7f313c021000 rw-p 00000000 00:00 0 
7f313c021000-7f3140000000 ---p 00000000 00:00 0 
7f3140000000-7f3140021000 rw-p 00000000 00:00 0 
7f3140021000-7f3144000000 ---p 00000000 00:00 0 
7f3144000000-7f3144021000 rw-p 00000000 00:00 0 
7f3144021000-7f3148000000 ---p 00000000 00:00 0 
7f3148000000-7f3148c07000 rw-p 00000000 00:00 0 
7f3148c07000-7f314c000000 ---p 00000000 00:00 0 
7f314c000000-7f314c69d000 rw-p 00000000 00:00 0 
7f314c69d000-7f3150000000 ---p 00000000 00:00 0 
7f3150000000-7f3150021000 rw-p 00000000 00:00 0 
7f3150021000-7f3154000000 ---p 00000000 00:00 0 
7f3154000000-7f31548e0000 rw-p 00000000 00:00 0 
7f31548e0000-7f3158000000 ---p 00000000 00:00 0 
7f3158000000-7f3158021000 rw-p 00000000 00:00 0 
7f3158021000-7f315c000000 ---p 00000000 00:00 0 
7f315f015000-7f315f018000 ---p 00000000 00:00 0 
7f315f018000-7f315f116000 rw-p 00000000 00:00 0 
7f315f116000-7f315f119000 ---p 00000000 00:00 0 
7f315f119000-7f315f217000 rw-p 00000000 00:00 0 
7f315f217000-7f315f21a000 ---p 00000000 00:00 0 
7f315f21a000-7f315f318000 rw-p 00000000 00:00 0 
7f315f318000-7f315f31b000 ---p 00000000 00:00 0 
7f315f31b000-7f315f419000 rw-p 00000000 00:00 0 
7f315f419000-7f315f41c000 ---p 00000000 00:00 0 
7f315f41c000-7f315f51a000 rw-p 00000000 00:00 0 
7f315f51a000-7f315f51b000 ---p 00000000 00:00 0 
7f315f51b000-7f315f61b000 rw-p 00000000 00:00 0 
7f315f61b000-7f315f61e000 ---p 00000000 00:00 0 
7f315f61e000-7f315f71c000 rw-p 00000000 00:00 0 
7f315f71c000-7f315f71f000 ---p 00000000 00:00 0 
7f315f71f000-7f315f81d000 rw-p 00000000 00:00 0 
7f315f81d000-7f315f820000 ---p 00000000 00:00 0 
7f315f820000-7f315f91e000 rw-p 00000000 00:00 0 
7f315f91e000-7f3160000000 r--p 00000000 08:06 140090                     /usr/lib/locale/locale-archive
7f3160000000-7f316028c000 rw-p 00000000 00:00 0 
7f316028c000-7f3164000000 ---p 00000000 00:00 0 
7f3164000000-7f3164021000 rw-p 00000000 00:00 0 
7f3164021000-7f3168000000 ---p 00000000 00:00 0 
7f3168000000-7f3168021000 rw-p 00000000 00:00 0 
7f3168021000-7f316c000000 ---p 00000000 00:00 0 
7f316c000000-7f316c021000 rw-p 00000000 00:00 0 
7f316c021000-7f3170000000 ---p 00000000 00:00 0 
7f3170000000-7f3170021000 rw-p 00000000 00:00 0 
7f3170021000-7f3174000000 ---p 00000000 00:00 0 
7f3174000000-7f3174021000 rw-p 00000000 00:00 0 
7f3174021000-7f3178000000 ---p 00000000 00:00 0 
7f31780ab000-7f31780ae000 ---p 00000000 00:00 0 
7f31780ae000-7f31781ac000 rw-p 00000000 00:00 0 
7f31781ac000-7f31781af000 ---p 00000000 00:00 0 
7f31781af000-7f31782ad000 rw-p 00000000 00:00 0 
7f31782ad000-7f31782b0000 ---p 00000000 00:00 0 
7f31782b0000-7f31783ae000 rw-p 00000000 00:00 0 
7f31783ae000-7f31783b1000 ---p 00000000 00:00 0 
7f31783b1000-7f31784af000 rw-p 00000000 00:00 0 
7f31784af000-7f31784b0000 ---p 00000000 00:00 0 
7f31784b0000-7f3179571000 rw-p 00000000 00:00 0 
7f3179571000-7f3179749000 r--s 03d23000 08:06 407899                     /usr/local/java/jdk1.8.0_73/jre/lib/rt.jar
7f3179749000-7f3179e3f000 rw-p 00000000 00:00 0 
7f3179e3f000-7f3179fbf000 ---p 00000000 00:00 0 
7f3179fbf000-7f317c1bf000 rw-p 00000000 00:00 0 
7f317c1bf000-7f317c1c0000 ---p 00000000 00:00 0 
7f317c1c0000-7f317c2c0000 rw-p 00000000 00:00 0 
7f317c2c0000-7f317c2c1000 ---p 00000000 00:00 0 
7f317c2c1000-7f317c3c1000 rw-p 00000000 00:00 0 
7f317c3c1000-7f317c3c2000 ---p 00000000 00:00 0 
7f317c3c2000-7f317c4d7000 rw-p 00000000 00:00 0 
7f317c4d7000-7f317c618000 ---p 00000000 00:00 0 
7f317c618000-7f317c62d000 rw-p 00000000 00:00 0 
7f317c62d000-7f317c76d000 ---p 00000000 00:00 0 
7f317c76d000-7f317c7bc000 rw-p 00000000 00:00 0 
7f317c7bc000-7f317c818000 ---p 00000000 00:00 0 
7f317c818000-7f317c833000 rw-p 00000000 00:00 0 
7f317c833000-7f317cbd9000 ---p 00000000 00:00 0 
7f317cbd9000-7f317d229000 rwxp 00000000 00:00 0 
7f317d229000-7f318bbd9000 ---p 00000000 00:00 0 
7f318bbd9000-7f318bbf3000 r-xp 00000000 08:06 407928                     /usr/local/java/jdk1.8.0_73/jre/lib/amd64/libzip.so
7f318bbf3000-7f318bdf3000 ---p 0001a000 08:06 407928                     /usr/local/java/jdk1.8.0_73/jre/lib/amd64/libzip.so
7f318bdf3000-7f318bdf4000 rw-p 0001a000 08:06 407928                     /usr/local/java/jdk1.8.0_73/jre/lib/amd64/libzip.so
7f318bdf4000-7f318bdfe000 r-xp 00000000 08:06 658514                     /lib/x86_64-linux-gnu/libnss_files-2.21.so
7f318bdfe000-7f318bffe000 ---p 0000a000 08:06 658514                     /lib/x86_64-linux-gnu/libnss_files-2.21.so
7f318bffe000-7f318bfff000 r--p 0000a000 08:06 658514                     /lib/x86_64-linux-gnu/libnss_files-2.21.so
7f318bfff000-7f318c000000 rw-p 0000b000 08:06 658514                     /lib/x86_64-linux-gnu/libnss_files-2.21.so
7f318c000000-7f318c38d000 rw-p 00000000 00:00 0 
7f318c38d000-7f3190000000 ---p 00000000 00:00 0 
7f3190003000-7f3190019000 r--s 000f1000 08:06 1834871                    /home/sahil/AndroidStudioProjects/Giggle/app/build/intermediates/exploded-aar/com.android.support/support-v4/23.4.0/jars/classes.jar
7f3190019000-7f319001a000 ---p 00000000 00:00 0 
7f319001a000-7f319011a000 rw-p 00000000 00:00 0 
7f319011a000-7f3190125000 r-xp 00000000 08:06 658528                     /lib/x86_64-linux-gnu/libnss_nis-2.21.so
7f3190125000-7f3190324000 ---p 0000b000 08:06 658528                     /lib/x86_64-linux-gnu/libnss_nis-2.21.so
7f3190324000-7f3190325000 r--p 0000a000 08:06 658528                     /lib/x86_64-linux-gnu/libnss_nis-2.21.so
7f3190325000-7f3190326000 rw-p 0000b000 08:06 658528                     /lib/x86_64-linux-gnu/libnss_nis-2.21.so
7f3190326000-7f319033d000 r-xp 00000000 08:06 658531                     /lib/x86_64-linux-gnu/libnsl-2.21.so
7f319033d000-7f319053c000 ---p 00017000 08:06 658531                     /lib/x86_64-linux-gnu/libnsl-2.21.so
7f319053c000-7f319053d000 r--p 00016000 08:06 658531                     /lib/x86_64-linux-gnu/libnsl-2.21.so
7f319053d000-7f319053e000 rw-p 00017000 08:06 658531                     /lib/x86_64-linux-gnu/libnsl-2.21.so
7f319053e000-7f3190540000 rw-p 00000000 00:00 0 
7f3190540000-7f3190548000 r-xp 00000000 08:06 658516                     /lib/x86_64-linux-gnu/libnss_compat-2.21.so
7f3190548000-7f3190747000 ---p 00008000 08:06 658516                     /lib/x86_64-linux-gnu/libnss_compat-2.21.so
7f3190747000-7f3190748000 r--p 00007000 08:06 658516                     /lib/x86_64-linux-gnu/libnss_compat-2.21.so
7f3190748000-7f3190749000 rw-p 00008000 08:06 658516                     /lib/x86_64-linux-gnu/libnss_compat-2.21.so
7f3190749000-7f3190773000 r-xp 00000000 08:06 407954                     /usr/local/java/jdk1.8.0_73/jre/lib/amd64/libjava.so
7f3190773000-7f3190973000 ---p 0002a000 08:06 407954                     /usr/local/java/jdk1.8.0_73/jre/lib/amd64/libjava.so
7f3190973000-7f3190975000 rw-p 0002a000 08:06 407954                     /usr/local/java/jdk1.8.0_73/jre/lib/amd64/libjava.so
7f3190975000-7f3190982000 r-xp 00000000 08:06 407908                     /usr/local/java/jdk1.8.0_73/jre/lib/amd64/libverify.so
7f3190982000-7f3190b82000 ---p 0000d000 08:06 407908                     /usr/local/java/jdk1.8.0_73/jre/lib/amd64/libverify.so
7f3190b82000-7f3190b84000 rw-p 0000d000 08:06 407908                     /usr/local/java/jdk1.8.0_73/jre/lib/amd64/libverify.so
7f3190b84000-7f3190b8b000 r-xp 00000000 08:06 658515                     /lib/x86_64-linux-gnu/librt-2.21.so
7f3190b8b000-7f3190d8a000 ---p 00007000 08:06 658515                     /lib/x86_64-linux-gnu/librt-2.21.so
7f3190d8a000-7f3190d8b000 r--p 00006000 08:06 658515                     /lib/x86_64-linux-gnu/librt-2.21.so
7f3190d8b000-7f3190d8c000 rw-p 00007000 08:06 658515                     /lib/x86_64-linux-gnu/librt-2.21.so
7f3190d8c000-7f3190e93000 r-xp 00000000 08:06 658517                     /lib/x86_64-linux-gnu/libm-2.21.so
7f3190e93000-7f3191092000 ---p 00107000 08:06 658517                     /lib/x86_64-linux-gnu/libm-2.21.so
7f3191092000-7f3191093000 r--p 00106000 08:06 658517                     /lib/x86_64-linux-gnu/libm-2.21.so
7f3191093000-7f3191094000 rw-p 00107000 08:06 658517                     /lib/x86_64-linux-gnu/libm-2.21.so
7f3191094000-7f3191d53000 r-xp 00000000 08:06 544253                     /usr/local/java/jdk1.8.0_73/jre/lib/amd64/server/libjvm.so
7f3191d53000-7f3191f52000 ---p 00cbf000 08:06 544253                     /usr/local/java/jdk1.8.0_73/jre/lib/amd64/server/libjvm.so
7f3191f52000-7f319202b000 rw-p 00cbe000 08:06 544253                     /usr/local/java/jdk1.8.0_73/jre/lib/amd64/server/libjvm.so
7f319202b000-7f3192074000 rw-p 00000000 00:00 0 
7f3192074000-7f3192234000 r-xp 00000000 08:06 658534                     /lib/x86_64-linux-gnu/libc-2.21.so
7f3192234000-7f3192434000 ---p 001c0000 08:06 658534                     /lib/x86_64-linux-gnu/libc-2.21.so
7f3192434000-7f3192438000 r--p 001c0000 08:06 658534                     /lib/x86_64-linux-gnu/libc-2.21.so
7f3192438000-7f319243a000 rw-p 001c4000 08:06 658534                     /lib/x86_64-linux-gnu/libc-2.21.so
7f319243a000-7f319243e000 rw-p 00000000 00:00 0 
7f319243e000-7f3192441000 r-xp 00000000 08:06 658521                     /lib/x86_64-linux-gnu/libdl-2.21.so
7f3192441000-7f3192640000 ---p 00003000 08:06 658521                     /lib/x86_64-linux-gnu/libdl-2.21.so
7f3192640000-7f3192641000 r--p 00002000 08:06 658521                     /lib/x86_64-linux-gnu/libdl-2.21.so
7f3192641000-7f3192642000 rw-p 00003000 08:06 658521                     /lib/x86_64-linux-gnu/libdl-2.21.so
7f3192642000-7f3192657000 r-xp 00000000 08:06 279036                     /usr/local/java/jdk1.8.0_73/lib/amd64/jli/libjli.so
7f3192657000-7f3192857000 ---p 00015000 08:06 279036                     /usr/local/java/jdk1.8.0_73/lib/amd64/jli/libjli.so
7f3192857000-7f3192858000 rw-p 00015000 08:06 279036                     /usr/local/java/jdk1.8.0_73/lib/amd64/jli/libjli.so
7f3192858000-7f3192870000 r-xp 00000000 08:06 658518                     /lib/x86_64-linux-gnu/libpthread-2.21.so
7f3192870000-7f3192a70000 ---p 00018000 08:06 658518                     /lib/x86_64-linux-gnu/libpthread-2.21.so
7f3192a70000-7f3192a71000 r--p 00018000 08:06 658518                     /lib/x86_64-linux-gnu/libpthread-2.21.so
7f3192a71000-7f3192a72000 rw-p 00019000 08:06 658518                     /lib/x86_64-linux-gnu/libpthread-2.21.so
7f3192a72000-7f3192a76000 rw-p 00000000 00:00 0 
7f3192a76000-7f3192a9a000 r-xp 00000000 08:06 658532                     /lib/x86_64-linux-gnu/ld-2.21.so
7f3192a9e000-7f3192b77000 rw-p 00000000 00:00 0 
7f3192b77000-7f3192b7a000 ---p 00000000 00:00 0 
7f3192b7a000-7f3192c7c000 rw-p 00000000 00:00 0 
7f3192c7d000-7f3192c7e000 rw-p 00000000 00:00 0 
7f3192c7e000-7f3192c8d000 r--s 000df000 08:06 926318                     /home/sahil/Android/android-sdk-linux/build-tools/23.0.3/lib/dx.jar
7f3192c8d000-7f3192c95000 rw-s 00000000 08:06 1838536                    /tmp/hsperfdata_sahil/4670
7f3192c95000-7f3192c96000 rw-p 00000000 00:00 0 
7f3192c96000-7f3192c97000 ---p 00000000 00:00 0 
7f3192c97000-7f3192c99000 rw-p 00000000 00:00 0 
7f3192c99000-7f3192c9a000 r--p 00023000 08:06 658532                     /lib/x86_64-linux-gnu/ld-2.21.so
7f3192c9a000-7f3192c9b000 rw-p 00024000 08:06 658532                     /lib/x86_64-linux-gnu/ld-2.21.so
7f3192c9b000-7f3192c9c000 rw-p 00000000 00:00 0 
7ffc2c9c9000-7ffc2c9ea000 rw-p 00000000 00:00 0                          [stack]
7ffc2c9f7000-7ffc2c9fa000 r--p 00000000 00:00 0                          [vvar]
7ffc2c9fa000-7ffc2c9fc000 r-xp 00000000 00:00 0                          [vdso]
ffffffffff600000-ffffffffff601000 r-xp 00000000 00:00 0                  [vsyscall]

VM Arguments:
jvm_args: -Djava.awt.headless=true -Xmx1024M -Dfile.encoding=UTF-8 -Duser.country=IN -Duser.language=en -Duser.variant 
java_command: com.android.dx.command.Main --dex --num-threads=4 --multi-dex --output /home/sahil/AndroidStudioProjects/Giggle/app/build/intermediates/transforms/dex/debug/folders/1000/10/com.android.support-support-v4-23.4.0_499f09f7bb8f376b6d9e85630ecd7a6452296846 /home/sahil/AndroidStudioProjects/Giggle/app/build/intermediates/exploded-aar/com.android.support/support-v4/23.4.0/jars/classes.jar
java_class_path (initial): /home/sahil/Android/android-sdk-linux/build-tools/23.0.3/lib/dx.jar
Launcher Type: SUN_STANDARD

Environment Variables:
JAVA_HOME=/usr/local/java/jdk1.8.0_73
PATH=/usr/local/sbin:/usr/local/bin:/usr/sbin:/usr/bin:/sbin:/bin:/usr/games:/usr/local/games:/home/sahil/gradle-2.10/bin:/home/sahil/bin:/usr/local/java/jdk1.8.0_73/bin:/home/sahil/bin:/home/sahil/gradle-2.9/bin:/home/sahil/Android/android-sdk-linux/tools:/home/sahil/Android/android-studio/bin:/home/sahil/gradle-2.10/bin
LD_LIBRARY_PATH=/home/sahil/Android/android-studio/bin:
SHELL=/bin/bash
DISPLAY=:0

Signal Handlers:
SIGSEGV: [libjvm.so+0xabafa0], sa_mask[0]=11111111011111111101111111111110, sa_flags=SA_RESTART|SA_SIGINFO
SIGBUS: [libjvm.so+0xabafa0], sa_mask[0]=11111111011111111101111111111110, sa_flags=SA_RESTART|SA_SIGINFO
SIGFPE: [libjvm.so+0x9183c0], sa_mask[0]=11111111011111111101111111111110, sa_flags=SA_RESTART|SA_SIGINFO
SIGPIPE: [libjvm.so+0x9183c0], sa_mask[0]=11111111011111111101111111111110, sa_flags=SA_RESTART|SA_SIGINFO
SIGXFSZ: [libjvm.so+0x9183c0], sa_mask[0]=11111111011111111101111111111110, sa_flags=SA_RESTART|SA_SIGINFO
SIGILL: [libjvm.so+0x9183c0], sa_mask[0]=11111111011111111101111111111110, sa_flags=SA_RESTART|SA_SIGINFO
SIGUSR1: SIG_DFL, sa_mask[0]=00000000000000000000000000000000, sa_flags=none
SIGUSR2: [libjvm.so+0x9199f0], sa_mask[0]=00100000000000000000000000000000, sa_flags=SA_RESTART|SA_SIGINFO
SIGHUP: [libjvm.so+0x91adf0], sa_mask[0]=11111111011111111101111111111110, sa_flags=SA_RESTART|SA_SIGINFO
SIGINT: [libjvm.so+0x91adf0], sa_mask[0]=11111111011111111101111111111110, sa_flags=SA_RESTART|SA_SIGINFO
SIGTERM: [libjvm.so+0x91adf0], sa_mask[0]=11111111011111111101111111111110, sa_flags=SA_RESTART|SA_SIGINFO
SIGQUIT: [libjvm.so+0x91adf0], sa_mask[0]=11111111011111111101111111111110, sa_flags=SA_RESTART|SA_SIGINFO


---------------  S Y S T E M  ---------------

OS:DISTRIB_ID=Ubuntu
DISTRIB_RELEASE=15.10
DISTRIB_CODENAME=wily
DISTRIB_DESCRIPTION="Ubuntu 15.10"

uname:Linux 4.5.0-040500-generic #201603140130 SMP Mon Mar 14 05:32:22 UTC 2016 x86_64
libc:glibc 2.21 NPTL 2.21 
rlimit: STACK 8192k, CORE 0k, NPROC 15250, NOFILE 65536, AS infinity
load average:5.90 4.28 2.64

/proc/meminfo:
MemTotal:        3940128 kB
MemFree:           30904 kB
MemAvailable:      36200 kB
Buffers:             668 kB
Cached:           313892 kB
SwapCached:            0 kB
Active:          3443468 kB
Inactive:         280708 kB
Active(anon):    3434892 kB
Inactive(anon):   266700 kB
Active(file):       8576 kB
Inactive(file):    14008 kB
Unevictable:         116 kB
Mlocked:             116 kB
SwapTotal:             0 kB
SwapFree:              0 kB
Dirty:               488 kB
Writeback:             0 kB
AnonPages:       3410784 kB
Mapped:           123232 kB
Shmem:            291168 kB
Slab:              68868 kB
SReclaimable:      34124 kB
SUnreclaim:        34744 kB
KernelStack:       10128 kB
PageTables:        35196 kB
NFS_Unstable:          0 kB
Bounce:                0 kB
WritebackTmp:          0 kB
CommitLimit:     1970064 kB
Committed_AS:    6902952 kB
VmallocTotal:   34359738367 kB
VmallocUsed:           0 kB
VmallocChunk:          0 kB
HardwareCorrupted:     0 kB
AnonHugePages:   1374208 kB
CmaTotal:              0 kB
CmaFree:               0 kB
HugePages_Total:       0
HugePages_Free:        0
HugePages_Rsvd:        0
HugePages_Surp:        0
Hugepagesize:       2048 kB
DirectMap4k:      115456 kB
DirectMap2M:     3973120 kB
DirectMap1G:     1048576 kB


CPU:total 4 (2 cores per cpu, 2 threads per core) family 6 model 69 stepping 1, cmov, cx8, fxsr, mmx, sse, sse2, sse3, ssse3, sse4.1, sse4.2, popcnt, avx, avx2, aes, clmul, erms, lzcnt, ht, tsc, tscinvbit, bmi1, bmi2

/proc/cpuinfo:
processor	: 0
vendor_id	: GenuineIntel
cpu family	: 6
model		: 69
model name	: Intel(R) Core(TM) i5-4258U CPU @ 2.40GHz
stepping	: 1
microcode	: 0x1c
cpu MHz		: 2320.312
cache size	: 3072 KB
physical id	: 0
siblings	: 4
core id		: 0
cpu cores	: 2
apicid		: 0
initial apicid	: 0
fpu		: yes
fpu_exception	: yes
cpuid level	: 13
wp		: yes
flags		: fpu vme de pse tsc msr pae mce cx8 apic sep mtrr pge mca cmov pat pse36 clflush dts acpi mmx fxsr sse sse2 ss ht tm pbe syscall nx pdpe1gb rdtscp lm constant_tsc arch_perfmon pebs bts rep_good nopl xtopology nonstop_tsc aperfmperf eagerfpu pni pclmulqdq dtes64 monitor ds_cpl vmx est tm2 ssse3 sdbg fma cx16 xtpr pdcm pcid sse4_1 sse4_2 x2apic movbe popcnt tsc_deadline_timer aes xsave avx f16c rdrand lahf_lm abm epb tpr_shadow vnmi flexpriority ept vpid fsgsbase tsc_adjust bmi1 avx2 smep bmi2 erms invpcid xsaveopt dtherm ida arat pln pts
bugs		:
bogomips	: 4788.75
clflush size	: 64
cache_alignment	: 64
address sizes	: 39 bits physical, 48 bits virtual
power management:

processor	: 1
vendor_id	: GenuineIntel
cpu family	: 6
model		: 69
model name	: Intel(R) Core(TM) i5-4258U CPU @ 2.40GHz
stepping	: 1
microcode	: 0x1c
cpu MHz		: 2869.593
cache size	: 3072 KB
physical id	: 0
siblings	: 4
core id		: 0
cpu cores	: 2
apicid		: 1
initial apicid	: 1
fpu		: yes
fpu_exception	: yes
cpuid level	: 13
wp		: yes
flags		: fpu vme de pse tsc msr pae mce cx8 apic sep mtrr pge mca cmov pat pse36 clflush dts acpi mmx fxsr sse sse2 ss ht tm pbe syscall nx pdpe1gb rdtscp lm constant_tsc arch_perfmon pebs bts rep_good nopl xtopology nonstop_tsc aperfmperf eagerfpu pni pclmulqdq dtes64 monitor ds_cpl vmx est tm2 ssse3 sdbg fma cx16 xtpr pdcm pcid sse4_1 sse4_2 x2apic movbe popcnt tsc_deadline_timer aes xsave avx f16c rdrand lahf_lm abm epb tpr_shadow vnmi flexpriority ept vpid fsgsbase tsc_adjust bmi1 avx2 smep bmi2 erms invpcid xsaveopt dtherm ida arat pln pts
bugs		:
bogomips	: 4788.75
clflush size	: 64
cache_alignment	: 64
address sizes	: 39 bits physical, 48 bits virtual
power management:

processor	: 2
vendor_id	: GenuineIntel
cpu family	: 6
model		: 69
model name	: Intel(R) Core(TM) i5-4258U CPU @ 2.40GHz
stepping	: 1
microcode	: 0x1c
cpu MHz		: 2304.750
cache size	: 3072 KB
physical id	: 0
siblings	: 4
core id		: 1
cpu cores	: 2
apicid		: 2
initial apicid	: 2
fpu		: yes
fpu_exception	: yes
cpuid level	: 13
wp		: yes
flags		: fpu vme de pse tsc msr pae mce cx8 apic sep mtrr pge mca cmov pat pse36 clflush dts acpi mmx fxsr sse sse2 ss ht tm pbe syscall nx pdpe1gb rdtscp lm constant_tsc arch_perfmon pebs bts rep_good nopl xtopology nonstop_tsc aperfmperf eagerfpu pni pclmulqdq dtes64 monitor ds_cpl vmx est tm2 ssse3 sdbg fma cx16 xtpr pdcm pcid sse4_1 sse4_2 x2apic movbe popcnt tsc_deadline_timer aes xsave avx f16c rdrand lahf_lm abm epb tpr_shadow vnmi flexpriority ept vpid fsgsbase tsc_adjust bmi1 avx2 smep bmi2 erms invpcid xsaveopt dtherm ida arat pln pts
bugs		:
bogomips	: 4788.75
clflush size	: 64
cache_alignment	: 64
address sizes	: 39 bits physical, 48 bits virtual
power management:

processor	: 3
vendor_id	: GenuineIntel
cpu family	: 6
model		: 69
model name	: Intel(R) Core(TM) i5-4258U CPU @ 2.40GHz
stepping	: 1
microcode	: 0x1c
cpu MHz		: 2844.281
cache size	: 3072 KB
physical id	: 0
siblings	: 4
core id		: 1
cpu cores	: 2
apicid		: 3
initial apicid	: 3
fpu		: yes
fpu_exception	: yes
cpuid level	: 13
wp		: yes
flags		: fpu vme de pse tsc msr pae mce cx8 apic sep mtrr pge mca cmov pat pse36 clflush dts acpi mmx fxsr sse sse2 ss ht tm pbe syscall nx pdpe1gb rdtscp lm constant_tsc arch_perfmon pebs bts rep_good nopl xtopology nonstop_tsc aperfmperf eagerfpu pni pclmulqdq dtes64 monitor ds_cpl vmx est tm2 ssse3 sdbg fma cx16 xtpr pdcm pcid sse4_1 sse4_2 x2apic movbe popcnt tsc_deadline_timer aes xsave avx f16c rdrand lahf_lm abm epb tpr_shadow vnmi flexpriority ept vpid fsgsbase tsc_adjust bmi1 avx2 smep bmi2 erms invpcid xsaveopt dtherm ida arat pln pts
bugs		:
bogomips	: 4788.75
clflush size	: 64
cache_alignment	: 64
address sizes	: 39 bits physical, 48 bits virtual
power management:



Memory: 4k page, physical 3940128k(30904k free), swap 0k(0k free)

vm_info: Java HotSpot(TM) 64-Bit Server VM (25.73-b02) for linux-amd64 JRE (1.8.0_73-b02), built on Jan 29 2016 17:39:45 by "java_re" with gcc 4.3.0 20080428 (Red Hat 4.3.0-8)

time: Wed Sep  7 00:29:32 2016
elapsed time: 12 seconds (0d 0h 0m 12s)

